<?xml version="1.0" encoding="UTF-8"?>
<!-- Generated by org.testng.reporters.JUnitReportReporter -->
<testsuite hostname="Usha" failures="0" tests="2" name="testNGBasics.SimpleTestNGClass" time="8.117" errors="0" timestamp="2023-08-07T19:44:09 IST" skipped="0">
  <testcase classname="testNGBasics.SimpleTestNGClass" name="TestCase1" time="5.232"/>
  <testcase classname="testNGBasics.SimpleTestNGClass" name="TestCase2" time="2.885"/>
</testsuite> <!-- testNGBasics.SimpleTestNGClass -->
