<?xml version="1.0" encoding="UTF-8"?>
<!-- Generated by org.testng.reporters.JUnitReportReporter -->
<testsuite hostname="Usha" failures="0" tests="2" name="testNG_pratice.Demo" time="0.020" errors="0" timestamp="2023-08-09T19:56:01 IST" skipped="0">
  <testcase classname="testNG_pratice.Demo" name="demo1" time="0.002">
    <system-out>
      <![CDATA[hello this is testng]]>
    </system-out>
  </testcase> <!-- demo1 -->
  <testcase classname="testNG_pratice.Demo" name="demo" time="0.018">
    <system-out>
      <![CDATA[hello this is testng]]>
    </system-out>
  </testcase> <!-- demo -->
  <system-out>
    <![CDATA[hello this is testng
hello this is testng]]>
  </system-out>
</testsuite> <!-- testNG_pratice.Demo -->
