<?xml version="1.0" encoding="UTF-8"?>
<!-- Generated by org.testng.reporters.JUnitReportReporter -->
<testsuite hostname="Usha" failures="0" tests="1" name="testNGBasics.Assertion_Methods" time="0.020" errors="0" timestamp="2023-08-10T19:46:41 IST" skipped="0">
  <testcase classname="testNGBasics.Assertion_Methods" name="demo" time="0.020"/>
</testsuite> <!-- testNGBasics.Assertion_Methods -->
