<?xml version="1.0" encoding="UTF-8"?>
<!-- Generated by org.testng.reporters.JUnitReportReporter -->
<testsuite hostname="Usha" failures="0" tests="1" name="testNG_pratice.Pratice3" time="5.758" errors="0" timestamp="2023-08-10T19:04:02 IST" skipped="0">
  <testcase classname="testNG_pratice.Pratice3" name="demo" time="5.758"/>
</testsuite> <!-- testNG_pratice.Pratice3 -->
