<?xml version="1.0" encoding="UTF-8"?>
<!-- Generated by org.testng.reporters.JUnitReportReporter -->
<testsuite hostname="Usha" failures="0" tests="3" name="testNGBasics.Sample1" time="0.018" errors="0" timestamp="2023-08-10T19:37:43 IST" skipped="0">
  <testcase classname="testNGBasics.Sample1" name="TC2" time="0.001">
    <system-out>
      <![CDATA[TC2]]>
    </system-out>
  </testcase> <!-- TC2 -->
  <testcase classname="testNGBasics.Sample1" name="TC1" time="0.015">
    <system-out>
      <![CDATA[TC1]]>
    </system-out>
  </testcase> <!-- TC1 -->
  <testcase classname="testNGBasics.Sample1" name="TC3" time="0.002">
    <system-out>
      <![CDATA[TC3]]>
    </system-out>
  </testcase> <!-- TC3 -->
  <system-out>
    <![CDATA[TC1
TC2
TC3
TC5
TC6]]>
  </system-out>
</testsuite> <!-- testNGBasics.Sample1 -->
