<?xml version="1.0" encoding="UTF-8"?>
<!-- Generated by org.testng.reporters.JUnitReportReporter -->
<testsuite hostname="Usha" failures="0" tests="1" name="testNG_pratice.WorkingWithTestNGAnnotations" time="9.370" errors="0" timestamp="2023-08-08T17:58:56 IST" skipped="0">
  <testcase classname="testNG_pratice.WorkingWithTestNGAnnotations" name="testcase" time="9.370"/>
</testsuite> <!-- testNG_pratice.WorkingWithTestNGAnnotations -->
