<?xml version="1.0" encoding="UTF-8"?>
<!-- Generated by org.testng.reporters.JUnitReportReporter -->
<testsuite hostname="Usha" failures="0" tests="2" name="testNGBasics.WorkingWithTestNGAnnotations" time="0.015" errors="0" timestamp="2023-08-08T17:48:47 IST" skipped="0">
  <testcase classname="testNGBasics.WorkingWithTestNGAnnotations" name="test1" time="0.003"/>
  <testcase classname="testNGBasics.WorkingWithTestNGAnnotations" name="test" time="0.012"/>
</testsuite> <!-- testNGBasics.WorkingWithTestNGAnnotations -->
