<?xml version="1.0" encoding="UTF-8"?>
<!-- Generated by org.testng.reporters.JUnitReportReporter -->
<testsuite hostname="Usha" failures="0" tests="10" name="testNGBasics.TestNG_Keywords" time="0.023" errors="0" timestamp="2023-08-16T19:09:20 IST" skipped="0">
  <testcase classname="testNGBasics.TestNG_Keywords" name="demo" time="0.001">
    <system-out>
      <![CDATA[hi ]]>
    </system-out>
  </testcase> <!-- demo -->
  <testcase classname="testNGBasics.TestNG_Keywords" name="demo" time="0.002">
    <system-out>
      <![CDATA[hi ]]>
    </system-out>
  </testcase> <!-- demo -->
  <testcase classname="testNGBasics.TestNG_Keywords" name="demo" time="0.001">
    <system-out>
      <![CDATA[hi ]]>
    </system-out>
  </testcase> <!-- demo -->
  <testcase classname="testNGBasics.TestNG_Keywords" name="demo" time="0.012">
    <system-out>
      <![CDATA[hi ]]>
    </system-out>
  </testcase> <!-- demo -->
  <testcase classname="testNGBasics.TestNG_Keywords" name="demo" time="0.001">
    <system-out>
      <![CDATA[hi ]]>
    </system-out>
  </testcase> <!-- demo -->
  <testcase classname="testNGBasics.TestNG_Keywords" name="demo" time="0.000">
    <system-out>
      <![CDATA[hi ]]>
    </system-out>
  </testcase> <!-- demo -->
  <testcase classname="testNGBasics.TestNG_Keywords" name="demo" time="0.001">
    <system-out>
      <![CDATA[hi ]]>
    </system-out>
  </testcase> <!-- demo -->
  <testcase classname="testNGBasics.TestNG_Keywords" name="demo" time="0.002">
    <system-out>
      <![CDATA[hi ]]>
    </system-out>
  </testcase> <!-- demo -->
  <testcase classname="testNGBasics.TestNG_Keywords" name="demo" time="0.002">
    <system-out>
      <![CDATA[hi ]]>
    </system-out>
  </testcase> <!-- demo -->
  <testcase classname="testNGBasics.TestNG_Keywords" name="demo" time="0.001">
    <system-out>
      <![CDATA[hi ]]>
    </system-out>
  </testcase> <!-- demo -->
  <system-out>
    <![CDATA[hi 
hi 
hi 
hi 
hi 
hi 
hi 
hi 
hi 
hi ]]>
  </system-out>
</testsuite> <!-- testNGBasics.TestNG_Keywords -->
