<?xml version="1.0" encoding="UTF-8"?>
<!-- Generated by org.testng.reporters.JUnitReportReporter -->
<testsuite hostname="Usha" failures="0" tests="4" name="testNG_pratice.Pratice1" time="18.798" errors="0" timestamp="2023-08-03T19:03:35 IST" skipped="0">
  <testcase classname="testNG_pratice.Pratice1" name="name3" time="5.984"/>
  <testcase classname="testNG_pratice.Pratice1" name="name" time="3.313"/>
  <testcase classname="testNG_pratice.Pratice1" name="name2" time="6.319"/>
  <testcase classname="testNG_pratice.Pratice1" name="name1" time="3.182"/>
</testsuite> <!-- testNG_pratice.Pratice1 -->
