<?xml version="1.0" encoding="UTF-8"?>
<!-- Generated by org.testng.reporters.JUnitReportReporter -->
<testsuite hostname="Usha" failures="0" tests="4" name="testNGBasics.Intro" time="0.018" errors="0" timestamp="2023-08-07T19:03:40 IST" skipped="1">
  <testcase classname="testNGBasics.Intro" name="xyz" time="0.014"/>
  <testcase classname="testNGBasics.Intro" name="abc" time="0.002"/>
  <testcase classname="testNGBasics.Intro" name="def" time="0.002"/>
  <testcase classname="testNGBasics.Intro" name="klm">
    <skipped/>
  </testcase> <!-- klm -->
</testsuite> <!-- testNGBasics.Intro -->
