<?xml version="1.0" encoding="UTF-8"?>
<!-- Generated by org.testng.reporters.JUnitReportReporter -->
<testsuite hostname="Usha" failures="0" tests="3" name="testNGBasics.WorkingWithGroups" time="0.024" errors="0" timestamp="2023-08-07T19:56:18 IST" skipped="0">
  <testcase classname="testNGBasics.WorkingWithGroups" name="a" time="0.018"/>
  <testcase classname="testNGBasics.WorkingWithGroups" name="c" time="0.003"/>
  <testcase classname="testNGBasics.WorkingWithGroups" name="e" time="0.003"/>
</testsuite> <!-- testNGBasics.WorkingWithGroups -->
