<?xml version="1.0" encoding="UTF-8"?>
<!-- Generated by org.testng.reporters.JUnitReportReporter -->
<testsuite hostname="Usha" failures="0" tests="2" name="testNGBasics.Sample2" time="0.005" errors="0" timestamp="2023-08-10T19:37:43 IST" skipped="0">
  <testcase classname="testNGBasics.Sample2" name="TC5" time="0.002">
    <system-out>
      <![CDATA[TC5]]>
    </system-out>
  </testcase> <!-- TC5 -->
  <testcase classname="testNGBasics.Sample2" name="TC6" time="0.003">
    <system-out>
      <![CDATA[TC6]]>
    </system-out>
  </testcase> <!-- TC6 -->
  <system-out>
    <![CDATA[TC1
TC2
TC3
TC5
TC6]]>
  </system-out>
</testsuite> <!-- testNGBasics.Sample2 -->
