<?xml version="1.0" encoding="UTF-8"?>
<!-- Generated by org.testng.reporters.JUnitReportReporter -->
<testsuite hostname="Usha" failures="0" tests="2" name="testNG_pratice.Pratice2" time="5.059" errors="0" timestamp="2023-08-07T19:09:49 IST" skipped="1">
  <testcase classname="testNG_pratice.Pratice2" name="name" time="5.059"/>
  <testcase classname="testNG_pratice.Pratice2" name="name2">
    <skipped/>
  </testcase> <!-- name2 -->
</testsuite> <!-- testNG_pratice.Pratice2 -->
