<?xml version="1.0" encoding="UTF-8"?>
<!-- Generated by org.testng.reporters.JUnitReportReporter -->
<testsuite hostname="Usha" failures="0" tests="1" name="testNGBasics.AnnotationWithSelenium" time="5.507" errors="0" timestamp="2023-08-07T19:44:09 IST" skipped="0">
  <testcase classname="testNGBasics.AnnotationWithSelenium" name="testcase" time="5.507"/>
</testsuite> <!-- testNGBasics.AnnotationWithSelenium -->
