<?xml version="1.0" encoding="UTF-8"?>
<!-- Generated by org.testng.reporters.JUnitReportReporter -->
<testsuite hostname="Usha" failures="0" tests="1" name="testNGBasics.Test" time="0.015" errors="0" timestamp="2023-08-09T19:40:41 IST" skipped="0">
  <testcase classname="testNGBasics.Test" name="demo" time="0.015">
    <system-out>
      <![CDATA[hi]]>
    </system-out>
  </testcase> <!-- demo -->
  <system-out>
    <![CDATA[hi]]>
  </system-out>
</testsuite> <!-- testNGBasics.Test -->
